INFO:root:\u0418\u043c\u044f \u0444\u0443\u043d\u043a\u0446\u0438\u0438: hello_world 
 \u0410\u0440\u0433\u0443\u043c\u0435\u043d\u0442\u044b \u0444\u0443\u043d\u043a\u0446\u0438\u0438: () \u0438 {} 
 \u0414\u0430\u0442\u0430 \u0438 \u0432\u0440\u0435\u043c\u044f \u0432\u044b\u0437\u043e\u0432\u0430 \u0444\u0443\u043d\u043a\u0446\u0438\u0438: 2024-09-09 11:45:29.431949 
 \u0412\u043e\u0437\u0432\u0440\u0430\u0449\u0430\u0435\u043c\u043e\u0435 \u0437\u043d\u0430\u0447\u0435\u043d\u0438\u0435: Hello World 

INFO:root:\u0418\u043c\u044f \u0444\u0443\u043d\u043a\u0446\u0438\u0438: summator 
 \u0410\u0440\u0433\u0443\u043c\u0435\u043d\u0442\u044b \u0444\u0443\u043d\u043a\u0446\u0438\u0438: (2, 2) \u0438 {} 
 \u0414\u0430\u0442\u0430 \u0438 \u0432\u0440\u0435\u043c\u044f \u0432\u044b\u0437\u043e\u0432\u0430 \u0444\u0443\u043d\u043a\u0446\u0438\u0438: 2024-09-09 11:45:29.434945 
 \u0412\u043e\u0437\u0432\u0440\u0430\u0449\u0430\u0435\u043c\u043e\u0435 \u0437\u043d\u0430\u0447\u0435\u043d\u0438\u0435: 4 

INFO:root:\u0418\u043c\u044f \u0444\u0443\u043d\u043a\u0446\u0438\u0438: div 
 \u0410\u0440\u0433\u0443\u043c\u0435\u043d\u0442\u044b \u0444\u0443\u043d\u043a\u0446\u0438\u0438: (6, 2) \u0438 {} 
 \u0414\u0430\u0442\u0430 \u0438 \u0432\u0440\u0435\u043c\u044f \u0432\u044b\u0437\u043e\u0432\u0430 \u0444\u0443\u043d\u043a\u0446\u0438\u0438: 2024-09-09 11:45:29.434945 
 \u0412\u043e\u0437\u0432\u0440\u0430\u0449\u0430\u0435\u043c\u043e\u0435 \u0437\u043d\u0430\u0447\u0435\u043d\u0438\u0435: 3.0 

INFO:root:\u0418\u043c\u044f \u0444\u0443\u043d\u043a\u0446\u0438\u0438: summator 
 \u0410\u0440\u0433\u0443\u043c\u0435\u043d\u0442\u044b \u0444\u0443\u043d\u043a\u0446\u0438\u0438: (4.3,) \u0438 {'b': 2.2} 
 \u0414\u0430\u0442\u0430 \u0438 \u0432\u0440\u0435\u043c\u044f \u0432\u044b\u0437\u043e\u0432\u0430 \u0444\u0443\u043d\u043a\u0446\u0438\u0438: 2024-09-09 11:45:29.435946 
 \u0412\u043e\u0437\u0432\u0440\u0430\u0449\u0430\u0435\u043c\u043e\u0435 \u0437\u043d\u0430\u0447\u0435\u043d\u0438\u0435: 6.5 

INFO:root:\u0418\u043c\u044f \u0444\u0443\u043d\u043a\u0446\u0438\u0438: summator 
 \u0410\u0440\u0433\u0443\u043c\u0435\u043d\u0442\u044b \u0444\u0443\u043d\u043a\u0446\u0438\u0438: () \u0438 {'a': 0, 'b': 0} 
 \u0414\u0430\u0442\u0430 \u0438 \u0432\u0440\u0435\u043c\u044f \u0432\u044b\u0437\u043e\u0432\u0430 \u0444\u0443\u043d\u043a\u0446\u0438\u0438: 2024-09-09 11:45:29.436946 
 \u0412\u043e\u0437\u0432\u0440\u0430\u0449\u0430\u0435\u043c\u043e\u0435 \u0437\u043d\u0430\u0447\u0435\u043d\u0438\u0435: 0 

